node.exe : [2mLoaded Prisma 
config from prisma.config.ts.
At line:1 char:1
+ & "C:\Program 
Files\nodejs/node.exe" 
"C:\Program 
Files\nodejs/node_mo ...
+ ~~~~~~~~~~~~~~~~~~~~~~~~~~~
~~~~~~~~~~~~~~~~~~~~~~~~~~~~~
~~~~~~~~~~~~~
    + CategoryInfo           
   : NotSpecified: ([2mLoa  
  ded Pris...isma.config.t   
 s.:String) [], RemoteExc    
eption
    + FullyQualifiedErrorId  
   : NativeCommandError
 
[22m
[2mPrisma schema loaded 
from 
prisma\schema.prisma.[22m
[1m[31mError: 
[39m[22m[31m[1mPrisma 
schema validation[22m[39m 
- (get-config wasm)
Error code: P1012
error: The datasource 
property `url` is no longer 
supported in schema files. 
Move connection URLs for 
Migrate to 
`prisma.config.ts` and pass 
either `adapter` for a 
direct database connection 
or `accelerateUrl` for 
Accelerate to the 
`PrismaClient` constructor. 
See https://pris.ly/d/config-
datasource and https://pris.l
y/d/prisma7-client-config
  -->  
prisma\schema.prisma:13
   | 
12 |   provider = 
"postgresql"
13 |   url      = 
env("DATABASE_URL")
   | 

Validation Error Count: 1
[Context: getConfig]

Prisma CLI Version : 7.4.2
